<?xml version="1.0" encoding="UTF-8"?>
<testsuite xmlns:xsi="http://www.w3.org/2001/XMLSchema-instance" xsi:noNamespaceSchemaLocation="https://maven.apache.org/surefire/maven-surefire-plugin/xsd/surefire-test-report-3.0.xsd" version="3.0" name="TestSuite" time="3.547" tests="3" errors="0" skipped="0" failures="0">
  <properties>
[...]
</properties>
  <testcase name="restTesting" classname="newpack.RestTest1408" time="1.146">
    <system-out><![CDATA[Request method:	POST
Request URI:	http://localhost:8081/api/create
Proxy:			<none>
Request params:	<none>
Query params:	<none>
Form params:	<none>
Path params:	<none>
Headers:		testHeader=[ BLACKLISTED ]
				Accept=*/*
				Content-Type=application/json
Cookies:		<none>
Multiparts:		<none>
Body:
{
    "name": "John Doe"
}
HTTP/1.1 200 OK
Content-Type: application/json
Matched-Stub-Id: e5a828f1-375f-4888-b083-596c4aa676bb
Content-Encoding: gzip
Transfer-Encoding: chunked

{
    "company": {
        "employee": [
            {
                "id": 1,
                "name": "TechGeekNextUser1",
                "role": "Admin"
            },
            {
                "id": 2,
                "name": "TechGeekNextUser2",
                "role": "User"
            },
            {
                "id": 3,
                "name": "TechGeekNextUser3",
                "role": "User"
            }
        ]
    }
}
TechGeekNextUser1
TechGeekNextUser2
TechGeekNextUser3
]]></system-out>
    <system-err><![CDATA[log4j:WARN No appenders could be found for logger (org.eclipse.jetty.util.component.ContainerLifeCycle).
log4j:WARN Please initialize the log4j system properly.
log4j:WARN See http://logging.apache.org/log4j/1.2/faq.html#noconfig for more info.
]]></system-err>
  </testcase>
  <testcase name="restTesting1" classname="newpack.RestTest1408" time="0.094">
    <system-out><![CDATA[Request method:	POST
Request URI:	http://localhost:8081/api/create
Proxy:			<none>
Request params:	<none>
Query params:	<none>
Form params:	<none>
Path params:	<none>
Headers:		testHeader=[ BLACKLISTED ]
				Accept=*/*
				Content-Type=application/json
Cookies:		<none>
Multiparts:		<none>
Body:
{
    "name": "John Doe"
}
HTTP/1.1 200 OK
Content-Type: application/json
Matched-Stub-Id: e5a828f1-375f-4888-b083-596c4aa676bb
Content-Encoding: gzip
Transfer-Encoding: chunked

{
    "company": {
        "employee": [
            {
                "id": 1,
                "name": "TechGeekNextUser1",
                "role": "Admin"
            },
            {
                "id": 2,
                "name": "TechGeekNextUser2",
                "role": "User"
            },
            {
                "id": 3,
                "name": "TechGeekNextUser3",
                "role": "User"
            }
        ]
    }
}
TechGeekNextUser1
TechGeekNextUser2
TechGeekNextUser3
]]></system-out>
  </testcase>
  <testcase name="restTesting2" classname="newpack.RestTest1408" time="0.098">
    <system-out><![CDATA[Request method:	POST
Request URI:	http://localhost:8081/api/create
Proxy:			<none>
Request params:	<none>
Query params:	<none>
Form params:	<none>
Path params:	<none>
Headers:		testHeader=[ BLACKLISTED ]
				Accept=*/*
				Content-Type=application/json
Cookies:		<none>
Multiparts:		<none>
Body:
{
    "name": "John Doe"
}
HTTP/1.1 200 OK
Content-Type: application/json
Matched-Stub-Id: e5a828f1-375f-4888-b083-596c4aa676bb
Content-Encoding: gzip
Transfer-Encoding: chunked

{
    "company": {
        "employee": [
            {
                "id": 1,
                "name": "TechGeekNextUser1",
                "role": "Admin"
            },
            {
                "id": 2,
                "name": "TechGeekNextUser2",
                "role": "User"
            },
            {
                "id": 3,
                "name": "TechGeekNextUser3",
                "role": "User"
            }
        ]
    }
}
TechGeekNextUser1
TechGeekNextUser2
TechGeekNextUser3
]]></system-out>
  </testcase>
</testsuite>