<?xml version="1.0" encoding="UTF-8"?>
<testng-results ignored="0" total="1" passed="1" failed="0" skipped="0">
  <reporter-output>
  </reporter-output>
  <suite started-at="2024-08-17T11:27:03 IST" name="Seleniumgrid" finished-at="2024-08-17T11:27:05 IST" duration-ms="2855">
    <groups>
    </groups>
    <test started-at="2024-08-17T11:27:03 IST" name="test1" finished-at="2024-08-17T11:27:05 IST" duration-ms="2855">
      <class name="test.apitest.RestTest1408">
        <test-method is-config="true" signature="startWireMock()[pri:0, instance:test.apitest.RestTest1408@22f59fa]" started-at="2024-08-17T11:27:03 IST" name="startWireMock" finished-at="2024-08-17T11:27:04 IST" duration-ms="1560" status="PASS">
          <reporter-output>
          </reporter-output>
        </test-method> <!-- startWireMock -->
        <test-method signature="restTesting()[pri:0, instance:test.apitest.RestTest1408@22f59fa]" started-at="2024-08-17T11:27:04 IST" name="restTesting" finished-at="2024-08-17T11:27:05 IST" duration-ms="1202" status="PASS">
          <reporter-output>
          </reporter-output>
        </test-method> <!-- restTesting -->
        <test-method is-config="true" signature="stopWireMock()[pri:0, instance:test.apitest.RestTest1408@22f59fa]" started-at="2024-08-17T11:27:05 IST" name="stopWireMock" finished-at="2024-08-17T11:27:05 IST" duration-ms="32" status="PASS">
          <reporter-output>
          </reporter-output>
        </test-method> <!-- stopWireMock -->
      </class> <!-- test.apitest.RestTest1408 -->
    </test> <!-- test1 -->
  </suite> <!-- Seleniumgrid -->
</testng-results>
